<?xml version="1.0" encoding="UTF-8"?>
<!-- Generated by org.testng.reporters.JUnitXMLReporter -->
<testsuite ignored="1" hostname="abdulraheemPC" failures="2" tests="2" name="Chrome - Sanity Tests" time="0.046" errors="0" timestamp="2025-06-04T17:25:52 EET">
  <testcase classname="TestNGPRacticewithSwagLab.TestNGPRacticewithSwagLab.LoginTest" name="LoginWithValidUser" time="0.009">
    <failure type="java.lang.NullPointerException" message="Cannot invoke &amp;quot;org.openqa.selenium.WebDriver.findElement(org.openqa.selenium.By)&amp;quot; because &amp;quot;this.driver&amp;quot; is null">
      <![CDATA[java.lang.NullPointerException: Cannot invoke "org.openqa.selenium.WebDriver.findElement(org.openqa.selenium.By)" because "this.driver" is null
at TestNGPRacticewithSwagLab.TestNGPRacticewithSwagLab.LoginTest.LoginWithValidUser(LoginTest.java:28)
at java.base/java.util.ArrayList.forEach(ArrayList.java:1511)
at java.base/java.util.concurrent.FutureTask.run(FutureTask.java:264)
at java.base/java.util.concurrent.ThreadPoolExecutor.runWorker(ThreadPoolExecutor.java:1136)
at java.base/java.util.concurrent.ThreadPoolExecutor$Worker.run(ThreadPoolExecutor.java:635)
at java.base/java.lang.Thread.run(Thread.java:842)
... Removed 17 stack frames]]>
    </failure>
  </testcase> <!-- LoginWithValidUser -->
  <testcase classname="TestNGPRacticewithSwagLab.TestNGPRacticewithSwagLab.CartTest" name="addItemToCart" time="0.001">
    <failure type="java.lang.NullPointerException" message="Cannot invoke &amp;quot;org.openqa.selenium.WebDriver.findElement(org.openqa.selenium.By)&amp;quot; because &amp;quot;this.driver&amp;quot; is null">
      <![CDATA[java.lang.NullPointerException: Cannot invoke "org.openqa.selenium.WebDriver.findElement(org.openqa.selenium.By)" because "this.driver" is null
at TestNGPRacticewithSwagLab.TestNGPRacticewithSwagLab.CartTest.addItemToCart(CartTest.java:32)
at java.base/java.util.ArrayList.forEach(ArrayList.java:1511)
at java.base/java.util.concurrent.FutureTask.run(FutureTask.java:264)
at java.base/java.util.concurrent.ThreadPoolExecutor.runWorker(ThreadPoolExecutor.java:1136)
at java.base/java.util.concurrent.ThreadPoolExecutor$Worker.run(ThreadPoolExecutor.java:635)
at java.base/java.lang.Thread.run(Thread.java:842)
... Removed 17 stack frames]]>
    </failure>
  </testcase> <!-- addItemToCart -->
  <testcase classname="TestNGPRacticewithSwagLab.TestNGPRacticewithSwagLab.LoginTest" name="LoginWithInvalidUser" time="0.0">
    <ignored/>
  </testcase> <!-- LoginWithInvalidUser -->
</testsuite> <!-- Chrome - Sanity Tests -->
