<?xml version="1.0" encoding="UTF-8"?>
<!-- Generated by org.testng.reporters.JUnitXMLReporter -->
<testsuite ignored="1" hostname="abdulraheemPC" failures="2" tests="2" name="Firefox - Regression Suite" time="0.05" errors="0" timestamp="2025-06-04T17:30:55 EET">
  <testcase classname="TestNGPRacticewithSwagLab.TestNGPRacticewithSwagLab.LoginTest" name="LoginWithInvalidUser" time="0.008">
    <failure type="java.lang.NullPointerException" message="Cannot invoke &amp;quot;org.openqa.selenium.WebDriver.findElement(org.openqa.selenium.By)&amp;quot; because &amp;quot;this.driver&amp;quot; is null">
      <![CDATA[java.lang.NullPointerException: Cannot invoke "org.openqa.selenium.WebDriver.findElement(org.openqa.selenium.By)" because "this.driver" is null
at TestNGPRacticewithSwagLab.TestNGPRacticewithSwagLab.LoginTest.LoginWithInvalidUser(LoginTest.java:40)
at java.base/java.util.ArrayList.forEach(ArrayList.java:1511)
at java.base/java.util.concurrent.FutureTask.run(FutureTask.java:264)
at java.base/java.util.concurrent.ThreadPoolExecutor.runWorker(ThreadPoolExecutor.java:1136)
at java.base/java.util.concurrent.ThreadPoolExecutor$Worker.run(ThreadPoolExecutor.java:635)
at java.base/java.lang.Thread.run(Thread.java:842)
... Removed 17 stack frames]]>
    </failure>
  </testcase> <!-- LoginWithInvalidUser -->
  <testcase classname="TestNGPRacticewithSwagLab.TestNGPRacticewithSwagLab.CheckoutTest" name="completeCheckoutFlow" time="0.001">
    <failure type="java.lang.NullPointerException" message="Cannot invoke &amp;quot;org.openqa.selenium.WebDriver.findElement(org.openqa.selenium.By)&amp;quot; because &amp;quot;this.driver&amp;quot; is null">
      <![CDATA[java.lang.NullPointerException: Cannot invoke "org.openqa.selenium.WebDriver.findElement(org.openqa.selenium.By)" because "this.driver" is null
at TestNGPRacticewithSwagLab.TestNGPRacticewithSwagLab.CheckoutTest.completeCheckoutFlow(CheckoutTest.java:36)
at java.base/java.util.ArrayList.forEach(ArrayList.java:1511)
at java.base/java.util.concurrent.FutureTask.run(FutureTask.java:264)
at java.base/java.util.concurrent.ThreadPoolExecutor.runWorker(ThreadPoolExecutor.java:1136)
at java.base/java.util.concurrent.ThreadPoolExecutor$Worker.run(ThreadPoolExecutor.java:635)
at java.base/java.lang.Thread.run(Thread.java:842)
... Removed 17 stack frames]]>
    </failure>
  </testcase> <!-- completeCheckoutFlow -->
  <testcase classname="TestNGPRacticewithSwagLab.TestNGPRacticewithSwagLab.LoginTest" name="LoginWithValidUser" time="0.0">
    <ignored/>
  </testcase> <!-- LoginWithValidUser -->
</testsuite> <!-- Firefox - Regression Suite -->
