<?xml version="1.0" encoding="UTF-8"?>
<!-- Generated by org.testng.reporters.JUnitXMLReporter -->
<testsuite ignored="0" hostname="abdulraheemPC" failures="0" tests="4" name="AllTests" time="7.954" errors="0" timestamp="2025-06-04T17:37:24 EET">
  <testcase classname="TestNGPRacticewithSwagLab.TestNGPRacticewithSwagLab.LoginTest" name="LoginWithInvalidUser" time="0.192"/>
  <testcase classname="TestNGPRacticewithSwagLab.TestNGPRacticewithSwagLab.LoginTest" name="LoginWithValidUser" time="0.2"/>
  <testcase classname="TestNGPRacticewithSwagLab.TestNGPRacticewithSwagLab.CartTest" name="addItemToCart" time="0.099"/>
  <testcase classname="TestNGPRacticewithSwagLab.TestNGPRacticewithSwagLab.CheckoutTest" name="completeCheckoutFlow" time="0.256"/>
</testsuite> <!-- AllTests -->
