<?xml version="1.0" encoding="UTF-8"?>
<!-- Generated by org.testng.reporters.JUnitXMLReporter -->
<testsuite ignored="0" hostname="abdulraheemPC" failures="2" tests="2" name="Login Test (Sanity + Regression)" time="0.044" errors="0" timestamp="2025-06-04T17:29:16 EET">
  <testcase classname="TestNGPRacticewithSwagLab.TestNGPRacticewithSwagLab.LoginTest" name="LoginWithInvalidUser" time="0.007">
    <failure type="java.lang.NullPointerException" message="Cannot invoke &amp;quot;org.openqa.selenium.WebDriver.findElement(org.openqa.selenium.By)&amp;quot; because &amp;quot;this.driver&amp;quot; is null">
      <![CDATA[java.lang.NullPointerException: Cannot invoke "org.openqa.selenium.WebDriver.findElement(org.openqa.selenium.By)" because "this.driver" is null
at TestNGPRacticewithSwagLab.TestNGPRacticewithSwagLab.LoginTest.LoginWithInvalidUser(LoginTest.java:35)
at java.base/java.util.ArrayList.forEach(ArrayList.java:1511)
... Removed 27 stack frames]]>
    </failure>
  </testcase> <!-- LoginWithInvalidUser -->
  <testcase classname="TestNGPRacticewithSwagLab.TestNGPRacticewithSwagLab.LoginTest" name="LoginWithValidUser" time="0.001">
    <failure type="java.lang.NullPointerException" message="Cannot invoke &amp;quot;org.openqa.selenium.WebDriver.findElement(org.openqa.selenium.By)&amp;quot; because &amp;quot;this.driver&amp;quot; is null">
      <![CDATA[java.lang.NullPointerException: Cannot invoke "org.openqa.selenium.WebDriver.findElement(org.openqa.selenium.By)" because "this.driver" is null
at TestNGPRacticewithSwagLab.TestNGPRacticewithSwagLab.LoginTest.LoginWithValidUser(LoginTest.java:24)
at java.base/java.util.ArrayList.forEach(ArrayList.java:1511)
... Removed 27 stack frames]]>
    </failure>
  </testcase> <!-- LoginWithValidUser -->
</testsuite> <!-- Login Test (Sanity + Regression) -->
